<?xml version="1.0" encoding="UTF-8"?>
<!-- Generated by org.testng.reporters.JUnitXMLReporter -->
<testsuite ignored="2" hostname="DESKTOP-KBM" failures="0" tests="2" name="MyTest" time="0.772" errors="0" timestamp="11 Sept 2024 06:58:23 GMT">
  <testcase classname="testCases.Test_Contact_Details" name="checkContactButton" time="0.429"/>
  <testcase classname="testCases.Test_DropdownButton" name="verifyDropdown" time="0.294"/>
  <testcase classname="commonFunctions.CommonFunctions" name="@AfterSuite tearDown" time="0.0">
    <ignored/>
  </testcase> <!-- @AfterSuite tearDown -->
  <testcase classname="commonFunctions.CommonFunctions" name="@BeforeSuite launchBrowser" time="0.0">
    <ignored/>
  </testcase> <!-- @BeforeSuite launchBrowser -->
</testsuite> <!-- MyTest -->
