<?xml version="1.0" encoding="UTF-8"?>
<!-- Generated by org.testng.reporters.JUnitXMLReporter -->
<testsuite ignored="2" hostname="DESKTOP-KBM" failures="0" tests="2" name="VERIFY WEBSITE" time="0.684" errors="0" timestamp="11 Sept 2024 07:00:56 GMT">
  <testcase classname="testCases.Test_Contact_Details" name="checkContactButton" time="0.394"/>
  <testcase classname="testCases.Test_Services" name="verifyServices" time="0.257"/>
  <testcase classname="commonFunctions.CommonFunctions" name="@AfterSuite tearDown" time="0.0">
    <ignored/>
  </testcase> <!-- @AfterSuite tearDown -->
  <testcase classname="commonFunctions.CommonFunctions" name="@BeforeSuite launchBrowser" time="0.0">
    <ignored/>
  </testcase> <!-- @BeforeSuite launchBrowser -->
</testsuite> <!-- VERIFY WEBSITE -->
